            --------------------------------------------------------
                             AMBER SQM VERSION 19
 
                                     By
              Ross C. Walker, Michael F. Crowley, Scott Brozell,
                         Tim Giese, Andreas W. Goetz,
                        Tai-Sung Lee and David A. Case
 
            --------------------------------------------------------
 

--------------------------------------------------------------------------------
  QM CALCULATION INFO
--------------------------------------------------------------------------------

| QMMM: Citation for AMBER QMMM Run:
| QMMM: R.C. Walker, M.F. Crowley and D.A. Case, J. COMP. CHEM. 29:1019, 2008

QMMM: SINGLET STATE CALCULATION
QMMM: RHF CALCULATION, NO. OF DOUBLY OCCUPIED LEVELS = 76

| QMMM: *** Selected Hamiltonian *** 
| QMMM: AM1         

| QMMM: *** Parameter sets in use ***
| QMMM: C : M.J.S.DEWAR et al. JACS, 107, 3902, (1985)
| QMMM: N : M.J.S.DEWAR et al. JACS, 107, 3902, (1985)
| QMMM: S : M.J.S.DEWAR et al. INORG. CHEM., 29, 3881, (1990)
| QMMM: O : M.J.S.DEWAR et al. JACS, 107, 3902, (1985)
| QMMM: H : M.J.S.DEWAR et al. JACS, 107, 3902, (1985)

| QMMM: *** SCF convergence criteria ***
| QMMM: Energy change                :  0.1D-09 kcal/mol
| QMMM: Error matrix |FP-PF|         :  0.1D+00 au
| QMMM: Density matrix change        :  0.5D-06
| QMMM: Maximum number of SCF cycles :     1000

| QMMM: *** Diagonalization Routine Information ***
| QMMM: Pseudo diagonalizations are allowed.
| QMMM: Auto diagonalization routine selection is in use.
| QMMM:
| QMMM: Timing diagonalization routines:
| QMMM:                              norbs =      142
| QMMM:    diag iterations used for timing =       10
| QMMM:
| QMMM:              Internal diag routine = 0.131815 seconds
| QMMM:                 Dspev diag routine = 0.187487 seconds
| QMMM:                Dspevd diag routine = 0.134643 seconds
| QMMM:                Dspevx diag routine = 0.404600 seconds
| QMMM:                 Dsyev diag routine = 0.164397 seconds
| QMMM:                Dsyevd diag routine = 0.114960 seconds
| QMMM:                Dsyevr diag routine = 0.116136 seconds
| QMMM:
| QMMM:                Pseudo diag routine = 0.093700 seconds
| QMMM:
| QMMM: Using dsyevd routine (diag_routine=6).

  QMMM: QM Region Cartesian Coordinates (*=link atom) 
  QMMM: QM_NO.   MM_NO.  ATOM         X         Y         Z
  QMMM:     1        1      C      -10.3180   -1.1070  -15.5770
  QMMM:     2        2      N      -11.1020    0.0190  -15.0940
  QMMM:     3        3      C      -11.0790    1.2690  -15.7690
  QMMM:     4        4      C      -11.0680    1.2500  -17.1730
  QMMM:     5        5      C      -10.9780    2.4660  -17.8810
  QMMM:     6        6      C      -10.9100    3.6870  -17.1760
  QMMM:     7        7      N      -10.8750    4.9040  -17.8950
  QMMM:     8        8      C      -10.1840    6.1430  -17.4240
  QMMM:     9        9      C       -9.7710    6.8800  -18.6980
  QMMM:    10       10      C       -8.7010    6.3810  -19.4410
  QMMM:    11       11      C       -8.3030    7.0250  -20.6040
  QMMM:    12       12      C       -9.0020    8.1520  -21.0590
  QMMM:    13       13      C      -10.0640    8.6550  -20.3030
  QMMM:    14       14      C      -10.4770    8.0010  -19.1160
  QMMM:    15       15      C       -8.5590    8.8140  -22.3590
  QMMM:    16       16      C       -8.7320    7.8230  -23.5310
  QMMM:    17       17      C       -9.3960   10.0560  -22.6790
  QMMM:    18       18      C       -7.0890    9.2540  -22.2770
  QMMM:    19       19      C      -10.9470    3.6960  -15.7870
  QMMM:    20       20      C      -10.9960    2.4910  -15.0580
  QMMM:    21       21      C      -11.0060    2.4930  -13.5710
  QMMM:    22       22      C      -11.4010    1.3650  -12.8590
  QMMM:    23       23      C      -11.2890    1.6150  -11.4960
  QMMM:    24       24      N      -10.8120    2.8260  -11.3520
  QMMM:    25       25      N      -10.6370    3.3960  -12.6200
  QMMM:    26       26      C      -10.1240    4.7490  -12.8000
  QMMM:    27       27      S      -11.9390   -0.0720  -13.6790
  QMMM:    28       28      O      -13.3140    0.1420  -14.0330
  QMMM:    29       29      O      -11.6000   -1.2660  -12.9940
  QMMM:    30       30      H       -9.8550   -0.8470  -16.5060
  QMMM:    31       31      H      -10.9590   -1.9520  -15.7220
  QMMM:    32       32      H       -9.5640   -1.3510  -14.8580
  QMMM:    33       33      H      -11.1250    0.3540  -17.6820
  QMMM:    34       34      H      -10.9620    2.4630  -18.9130
  QMMM:    35       35      H      -11.3370    4.9380  -18.7640
  QMMM:    36       36      H      -10.8490    6.7450  -16.8410
  QMMM:    37       37      H       -9.3440    5.9200  -16.8010
  QMMM:    38       38      H       -8.2050    5.5330  -19.1260
  QMMM:    39       39      H       -7.4910    6.6740  -21.1350
  QMMM:    40       40      H      -10.5520    9.5100  -20.6120
  QMMM:    41       41      H      -11.2840    8.3490  -18.5750
  QMMM:    42       42      H       -8.4200    8.2900  -24.4420
  QMMM:    43       43      H       -9.7610    7.5390  -23.6090
  QMMM:    44       44      H       -8.1350    6.9530  -23.3540
  QMMM:    45       45      H       -9.0550   10.4900  -23.5960
  QMMM:    46       46      H       -9.2940   10.7690  -21.8870
  QMMM:    47       47      H      -10.4240    9.7770  -22.7770
  QMMM:    48       48      H       -6.8030    9.7150  -23.1990
  QMMM:    49       49      H       -6.4700    8.4000  -22.0980
  QMMM:    50       50      H       -6.9700    9.9540  -21.4770
  QMMM:    51       51      H      -10.9380    4.5960  -15.2830
  QMMM:    52       52      H      -11.5370    0.9640  -10.7350
  QMMM:    53       53      H      -10.0730    4.9750  -13.8450
  QMMM:    54       54      H       -9.1460    4.8190  -12.3720
  QMMM:    55       55      H      -10.7760    5.4450  -12.3160

--------------------------------------------------------------------------------
  RESULTS
--------------------------------------------------------------------------------

      iter         sqm energy              rms gradient
      ----    -------------------    -----------------------
xmin    10       56.8773 kcal/mol        1.2731 kcal/(mol*A)
xmin    20       54.9424 kcal/mol        0.2298 kcal/(mol*A)
xmin    30       54.5003 kcal/mol        0.4708 kcal/(mol*A)
xmin    40       54.3830 kcal/mol        0.0233 kcal/(mol*A)
xmin    50       54.3718 kcal/mol        0.0199 kcal/(mol*A)
xmin    60       54.3659 kcal/mol        0.0467 kcal/(mol*A)
xmin    70       54.3477 kcal/mol        0.0334 kcal/(mol*A)
xmin    80       54.3461 kcal/mol        0.0081 kcal/(mol*A)
xmin    90       54.3453 kcal/mol        0.0064 kcal/(mol*A)
xmin   100       54.3442 kcal/mol        0.0032 kcal/(mol*A)
  ... geometry converged !
 
 Final MO eigenvalues (eV):
 -42.2160  -40.8149  -40.3667  -38.6173  -37.5119  -37.3507  -37.0578  -35.6009
 -34.4669  -33.9648  -31.9758  -31.8733  -30.5268  -29.3232  -28.2130  -28.1436
 -28.0857  -27.4794  -26.1551  -24.7822  -23.5963  -23.4105  -23.2818  -22.2231
 -21.5264  -20.3369  -20.0131  -19.5102  -18.5573  -17.8497  -17.7369  -17.4785
 -17.1937  -16.8993  -16.7555  -16.6460  -16.2807  -15.9541  -15.7556  -15.4534
 -15.3556  -15.2332  -15.1509  -14.9985  -14.7394  -14.6925  -14.5639  -14.4353
 -14.1680  -14.0533  -13.8219  -13.7188  -13.5450  -13.4484  -13.1469  -13.1103
 -12.9571  -12.8477  -12.7158  -12.6656  -12.5643  -12.4990  -12.4148  -12.2999
 -12.1050  -12.0369  -11.9226  -11.8396  -11.6492  -11.2054  -10.5815  -10.4491
 -10.0401   -9.7707   -9.6867   -8.4740   -0.8831   -0.2343   -0.0881    0.0854
   0.1981    0.6528    0.9679    1.0677    1.8609    2.1664    2.3099    2.5825
   2.8646    2.8962    3.0582    3.2141    3.2581    3.3443    3.3686    3.4175
   3.4739    3.5375    3.5827    3.6013    3.6320    3.7283    3.7340    3.8027
   3.8308    3.8850    3.9484    3.9830    3.9952    4.0279    4.1039    4.1142
   4.2215    4.2501    4.3069    4.3130    4.3448    4.3959    4.4541    4.4613
   4.5704    4.5858    4.6092    4.6441    4.7221    4.7519    4.7747    4.8225
   4.8850    4.9544    4.9870    5.0516    5.1668    5.2081    5.2673    5.3884
   5.4101    5.5199    5.7174    5.8309    5.9650    6.2818

 Heat of formation   =         54.34412600 kcal/mol  (        2.35653814 eV)

 Total SCF energy    =    -111497.04852228 kcal/mol  (    -4834.87483293 eV)
 Electronic energy   =    -897170.21401246 kcal/mol  (   -38904.21985224 eV)
 Core-core repulsion =     785673.16549019 kcal/mol  (    34069.34501930 eV)
 
    Atomic Charges for Step       1 :
  Atom    Element       Mulliken Charge
     1      C                 -0.088
     2      N                 -0.746
     3      C                  0.112
     4      C                 -0.139
     5      C                 -0.132
     6      C                  0.031
     7      N                 -0.276
     8      C                 -0.012
     9      C                 -0.108
    10      C                 -0.126
    11      C                 -0.128
    12      C                 -0.046
    13      C                 -0.128
    14      C                 -0.107
    15      C                 -0.020
    16      C                 -0.203
    17      C                 -0.206
    18      C                 -0.203
    19      C                 -0.137
    20      C                 -0.081
    21      C                  0.138
    22      C                 -0.989
    23      C                 -0.030
    24      N                 -0.082
    25      N                 -0.098
    26      C                 -0.070
    27      S                  2.910
    28      O                 -0.926
    29      O                 -0.940
    30      H                  0.086
    31      H                  0.077
    32      H                  0.118
    33      H                  0.146
    34      H                  0.140
    35      H                  0.197
    36      H                  0.096
    37      H                  0.073
    38      H                  0.130
    39      H                  0.135
    40      H                  0.139
    41      H                  0.137
    42      H                  0.077
    43      H                  0.080
    44      H                  0.075
    45      H                  0.078
    46      H                  0.077
    47      H                  0.078
    48      H                  0.077
    49      H                  0.075
    50      H                  0.080
    51      H                  0.138
    52      H                  0.199
    53      H                  0.100
    54      H                  0.124
    55      H                  0.096
 Total Mulliken Charge =       0.000
 
                  X        Y        Z     TOTAL  
  QM DIPOLE     4.428    5.391   -6.193    9.328
 
 Final Structure

  QMMM: QM Region Cartesian Coordinates (*=link atom) 
  QMMM: QM_NO.   MM_NO.  ATOM         X         Y         Z
  QMMM:     1        1      C      -10.8360   -1.2813  -15.3601
  QMMM:     2        2      N      -11.1963   -0.0051  -14.8072
  QMMM:     3        3      C      -11.0941    1.1147  -15.6430
  QMMM:     4        4      C      -11.1291    0.9788  -17.0524
  QMMM:     5        5      C      -11.0616    2.0752  -17.8896
  QMMM:     6        6      C      -10.9795    3.3900  -17.3668
  QMMM:     7        7      N      -11.0448    4.4961  -18.2303
  QMMM:     8        8      C      -10.4274    5.7336  -17.7983
  QMMM:     9        9      C       -9.9577    6.5886  -18.9373
  QMMM:    10       10      C       -8.8570    6.1944  -19.7055
  QMMM:    11       11      C       -8.4045    6.9987  -20.7461
  QMMM:    12       12      C       -9.0397    8.2146  -21.0462
  QMMM:    13       13      C      -10.1413    8.5989  -20.2744
  QMMM:    14       14      C      -10.5987    7.7926  -19.2317
  QMMM:    15       15      C       -8.5163    9.0554  -22.1808
  QMMM:    16       16      C       -8.5844    8.2533  -23.4781
  QMMM:    17       17      C       -9.3173   10.3375  -22.3716
  QMMM:    18       18      C       -7.0651    9.4373  -21.9000
  QMMM:    19       19      C      -10.9327    3.5382  -15.9691
  QMMM:    20       20      C      -10.9515    2.4318  -15.1140
  QMMM:    21       21      C      -10.8691    2.5694  -13.6742
  QMMM:    22       22      C      -11.2395    1.5152  -12.7878
  QMMM:    23       23      C      -10.9866    2.0588  -11.4702
  QMMM:    24       24      N      -10.5026    3.3124  -11.5636
  QMMM:    25       25      N      -10.4245    3.6232  -12.8815
  QMMM:    26       26      C       -9.8796    4.8807  -13.3374
  QMMM:    27       27      S      -11.7754    0.0443  -13.2354
  QMMM:    28       28      O      -13.1728   -0.0187  -13.2472
  QMMM:    29       29      O      -11.1604   -0.9749  -12.4865
  QMMM:    30       30      H       -9.8921   -1.2066  -15.9635
  QMMM:    31       31      H      -11.6539   -1.6763  -16.0229
  QMMM:    32       32      H      -10.6618   -2.0121  -14.5218
  QMMM:    33       33      H      -11.2247   -0.0216  -17.5054
  QMMM:    34       34      H      -11.0965    1.9166  -18.9796
  QMMM:    35       35      H      -10.8438    4.2629  -19.1824
  QMMM:    36       36      H      -11.1994    6.2944  -17.1940
  QMMM:    37       37      H       -9.5447    5.5378  -17.1174
  QMMM:    38       38      H       -8.3426    5.2478  -19.4814
  QMMM:    39       39      H       -7.5357    6.6745  -21.3394
  QMMM:    40       40      H      -10.6694    9.5429  -20.4773
  QMMM:    41       41      H      -11.4720    8.1101  -18.6415
  QMMM:    42       42      H       -8.2022    8.8708  -24.3262
  QMMM:    43       43      H       -9.6387    7.9592  -23.6959
  QMMM:    44       44      H       -7.9631    7.3294  -23.4039
  QMMM:    45       45      H       -8.8903   10.9234  -23.2217
  QMMM:    46       46      H       -9.2738   10.9700  -21.4530
  QMMM:    47       47      H      -10.3834   10.1050  -22.6067
  QMMM:    48       48      H       -6.6695   10.0640  -22.7351
  QMMM:    49       49      H       -6.4279    8.5258  -21.8079
  QMMM:    50       50      H       -6.9954   10.0201  -20.9508
  QMMM:    51       51      H      -10.9187    4.5508  -15.5383
  QMMM:    52       52      H      -11.1441    1.5592  -10.5102
  QMMM:    53       53      H       -9.2138    4.6931  -14.2215
  QMMM:    54       54      H       -9.2802    5.3644  -12.5197
  QMMM:    55       55      H      -10.7189    5.5694  -13.6265

           --------- Calculation Completed ----------

